[    0.000000] Initializing cgroup subsys cpuset
[    0.000000] Initializing cgroup subsys cpu
[    0.000000] Initializing cgroup subsys cpuacct
[    0.000000] Linux version 4.4.0-96-generic (buildd@lgw01-10) (gcc version 5.4.0 20160609 (Ubuntu 5.4.0-6ubuntu1~16.04.4) ) #119-Ubuntu SMP Tue Sep 12 14:59:54 UTC 2017 (Ubuntu 4.4.0-96.119-generic 4.4.83)
[    0.000000] Command line: BOOT_IMAGE=/boot/vmlinuz-4.4.0-96-generic root=LABEL=cloudimg-rootfs ro console=tty1 console=ttyS0
[    0.000000] KERNEL supported cpus:
[    0.000000]   Intel GenuineIntel
[    0.000000]   AMD AuthenticAMD
[    0.000000]   Centaur CentaurHauls
[    0.000000] ------------[ cut here ]------------
[    0.000000] WARNING: CPU: 0 PID: 0 at /build/linux-z2ccW0/linux-4.4.0/arch/x86/kernel/fpu/xstate.c:517 fpu__init_system_xstate+0x38b/0x75a()
[    0.000000] XSAVE consistency problem, dumping leaves
[    0.000000] Modules linked in:
[    0.000000] CPU: 0 PID: 0 Comm: swapper Not tainted 4.4.0-96-generic #119-Ubuntu
[    0.000000]  0000000000000086 ec66aac2fd6df941 ffffffff81e03d80 ffffffff813fabd3
[    0.000000]  ffffffff81e03dc8 ffffffff81caa650 ffffffff81e03db8 ffffffff810812e2
[    0.000000]  ffffffff81e03e48 ffffffff81e03e4c 0000000000000008 0000000000000100
[    0.000000] Call Trace:
[    0.000000]  [<ffffffff813fabd3>] dump_stack+0x63/0x90
[    0.000000]  [<ffffffff810812e2>] warn_slowpath_common+0x82/0xc0
[    0.000000]  [<ffffffff8108137c>] warn_slowpath_fmt+0x5c/0x80
[    0.000000]  [<ffffffff8107cff0>] ? xfeature_size+0x59/0x77
[    0.000000]  [<ffffffff81f6e20b>] fpu__init_system_xstate+0x38b/0x75a
[    0.000000]  [<ffffffff81f5e120>] ? early_idt_handler_array+0x120/0x120
[    0.000000]  [<ffffffff81f6db76>] fpu__init_system+0x10d/0x245
[    0.000000]  [<ffffffff81f6ec7f>] early_cpu_init+0x139/0x13e
[    0.000000]  [<ffffffff81f6ec7f>] ? early_cpu_init+0x139/0x13e
[    0.000000]  [<ffffffff81f6a181>] setup_arch+0xb4/0xcf6
[    0.000000]  [<ffffffff81f5e120>] ? early_idt_handler_array+0x120/0x120
[    0.000000]  [<ffffffff81f5ec74>] start_kernel+0xe4/0x4a2
[    0.000000]  [<ffffffff81f5e120>] ? early_idt_handler_array+0x120/0x120
[    0.000000]  [<ffffffff81f5e339>] x86_64_start_reservations+0x2a/0x2c
[    0.000000]  [<ffffffff81f5e485>] x86_64_start_kernel+0x14a/0x16d
[    0.000000] ---[ end trace 4d5ff9f2f68c4233 ]---
[    0.000000] CPUID[0d, 00]: eax=00000007 ebx=00000440 ecx=00000440 edx=00000000
[    0.000000] CPUID[0d, 01]: eax=00000000 ebx=000003c0 ecx=00000000 edx=00000000
[    0.000000] CPUID[0d, 02]: eax=00000100 ebx=00000240 ecx=00000000 edx=00000000
[    0.000000] CPUID[0d, 03]: eax=00000000 ebx=00000000 ecx=00000000 edx=00000000
[    0.000000] CPUID[0d, 04]: eax=00000000 ebx=00000000 ecx=00000000 edx=00000000
[    0.000000] CPUID[0d, 05]: eax=00000000 ebx=00000000 ecx=00000000 edx=00000000
[   000000000] CPUID[0d, 06]: eax=00000000 ebx=00000000 ecx=00000000 edx=00000000
[    0.000000] CPUID[0d, 07]: eax=00000000 ebx=00000000 ecx=00000000 edx=00000000
[    0.000000] CPUID[0d, 08]: eax=00000000 ebx=00000000 ecx=00000000 edx=00000000
[    0.000000] CPUID[0d, 09]: eax=00000000 ebx=00000000 ecx=00000000 edx=00000000
[    0.000000] CPUID[0d, 0a]: eax=00000000 ebx=00000000 ecx=00000000 edx=00000000
[    0.000000] CPUID[0d, 0b]: eax=00000000 ebx=00000000 ecx=00000000 edx=00000000
[    0.000000] CPUID[0d, 0c]: eax=00000000 ebx=00000000 ecx=00000000 edx=00000000
[    0.000000] CPUID[0d, 0d]: eax=00000000 ebx=00000000 ecx=00000000 edx=00000000
[    0.000000] CPUID[0d, 0e]: eax=00000000 ebx=00000000 ecx=00000000 edx=00000000
[    0.000000] CPUID[0d, 0f]: eax=00000000 ebx=00000000 ecx=00000000 edx=00000000
[    0.000000] CPUID[0d, 10]: eax=00000000 ebx=00000000 ecx=00000000 edx=00000000
[    0.000000] CPUID[0d, 11]: eax=00000000 ebx=00000000 ecx=00000000 edx=00000000
[    0.000000] x86/fpu: xstate_offset[2]:  576, xstate_sizes[2]:  256
[    0.000000] x86/fpu: Supporting XSAVE feature 0x01: 'x87 floating point registers'
[    0.000000] x86/fpu: Supporting XSAVE feature 0x02: 'SSE registers'
[    0.000000] x86/fpu: Supporting XSAVE feature 0x04: 'AVX registers'
[    0.000000] x86/fpu: Enabled xstate features 0x7, context size is 1088 bytes, using 'standard' format.
[    0.000000] x86/fpu: Using 'lazy' FPU context switches.
[    0.000000] e820: BIOS-provided physical RAM map:
[    0.000000] BIOS-e820: [mem 0x0000000000000000-0x000000000009fbff] usable
[    0.000000] BIOS-e820: [mem 0x000000000009fc00-0x000000000009ffff] reserved
[    0.000000] BIOS-e820: [mem 0x00000000000f0000-0x00000000000fffff] reserved
[    0.000000] BIOS-e820: [mem 0x0000000000100000-0x000000007ffeffff] usable
[    0.000000] BIOS-e820: [mem 0x000000007fff0000-0x000000007fffffff] ACPI data
[    0.000000] BIOS-e820: [mem 0x00000000fec00000-0x00000000fec00fff] reserved
[    0.000000] BIOS-e820: [mem 0x00000000fee00000-0x00000000fee00fff] reserved
[    0.000000] BIOS-e820: [mem 0x00000000fffc0000-0x00000000ffffffff] reserved
[    0.000000] NX (Execute Disable) protection: active
[    0.000000] SMBIOS 2.5 present.
[    0.000000] Hypervisor detected: KVM
[    0.000000] e820: last_pfn = 0x7fff0 max_arch_pfn = 0x400000000
[    0.000000] MTRR: Disabled
[    0.000000] x86/PAT: MTRRs disabled, skipping PAT initialization too.
[    0.000000] CPU MTRRs all blank - virtualized system.
[    0.000000] x86/PAT: Configuration [0-7]: WB  WT  UC- UC  WB  WT  UC- UC  
[    0.000000] found SMP MP-table at [mem 0x0009fff0-0x0009ffff] mapped at [ffff88000009fff0]
[    0.000000] Scanning 1 areas for low eeoory corruption
[    0.000000] RAMDISK: [mem 0x36adc000-0x37565fff]
[    0.000000] ACPI: Early table checksum verification disabled
[    0.000000] ACPI: RSDP 0x00000000000E0000 000024 (v02 VBOX  )
[    0.000000] ACPI: XSDT 0x000000007FFF0030 00003C (v01 VBOX   VBOXXSDT 00000001 ASL  00000061)
[    0.000000] ACPI: FACP 0x000000007FFF00F0 0000F4 (v04 VBOX   VBOXFACP 00000001 ASL  00000061)
[    0.000000] ACPI: DSDT 0x000000007FFF0470 0021FF (v02 VBOX   VBOXBIOS 00000002 INTL 20160108)
[    0.000000] ACPI: FACS 0x000000007FFF0200 000040
[    0.000000] ACPI: FACS 0x000000007FFF0200 000040
[    0.000000] ACPI: APIC 0x000000007FFF0240 000054 (v02 VBOX   VBOXAPIC 00000001 ASL  00000061)
[    0.000000] ACPI: SSDT 0x000000007FFF02A0 0001CC (v01 VBOX   VBOXCPUT 00000002 INTL 20160108)
[    0.000000] No NUMA configuration found
[    0.000000] Faking a node at [mem 0x0000000000000000-0x000000007ffeffff]
[    0.000000] NODE_DATA(0) allocated [mem 0x7ffeb000-0x7ffeffff]
[    0.000000] kvm-clock: Using msrs 4b564d01 and 4b564d00
[    0.000000] kvm-clock: cpu 0, msr 0:7ffe3001, primary cpu clock
[    0.000000] kvm-clock: using sched offset of 3372809642 cycles
[    0.000000] clocksource: kvm-clock: mask: 0xffffffffffffffff max_cycles: 0x1cd42e4dffb, max_idle_ns: 881590591483 ns
[    0.000000] Zone ranges:
[    0.000000]   DMA      [mem 0x0000000000001000-0x0000000000ffffff]
[    0.000000]   DMA32    [mem 0x0000000001000000-0x000000007ffeffff]
[    0.000000]   Normal   empty
[    0.000000]   Device   empty
[    0.000000] Movable zone start for each node
[    0.000000] Early memory node ranges
[    0.000000]   node   0: [mem 0x0000000000001000-0x000000000009efff]
[    0.000000]   node   0: [mem 0x0000000000100000-0x000000007ffeffff]
[    0.000000] Initmem setup node 0 [mem 0x0000000000001000-0x000000007ffeffff]
[    0.000000] ACPI: PM-Timer IO Port: 0x4008
[    0.000000] IOAPIC[0]: apic_id 1, version 32, address 0xfec00000, GSI 0-23
[    0.000000] ACPI: INT_SRC_OVR (bus 0 bus_irq 0 global_irq 2 dfl dfl)
[    0.000000] ACPI: INT_SRC_OVR (bus 0 bus_irq 9 global_irq 9 high level)
[    0.000000] Using ACPI (MADT) for SMP configuration information
[    0.000000] smpboot: Allowing 1 CPUs, 0 hotplug CPUs
[    0.000000] PM: Registered nosave memory: [mem 0x00000000-0x00000fff]
[    0.000000] PM: Registered nosave memory: [mem 0x0009f000-0x0009ffff]
[    0.000000] PM: Registered nosave memory: [mem 0x000a0000-0x000effff]
[    0.000000] PM: Registered nosave memory: [mem 0x000f0000-0x000fffff]
[    0.000000] e820: [mem 0x80000000-0xfebfffff] available for PCI devices
[    0.000000] Booting paravirtualized kernel on KVM
[    0.000000] clocksource: refined-jiffies: mask: 0xffffffff max_cycles: 0xffffffff, max_idle_ns: 7645519600211568 ns
[    0.000000] setup_percpu: NR_CPUS:512 nr_cpumask_bits:512 nr_cpu_ids:1 nr_node_ids:1
[    0.000000] PERCPU: Embedded 34 pages/cpu @ffff88007fc00000 s98328 r8192 d32744 u2097152
[    0.000000] PV qspinlock hash table entries: 256 (order: 0, 4096 bytes)
[    0.000000] Built 1 zonelists in Node order, mobility grouping on.  Total pages: 515961
[    0.000000] Policy zone: DMA32
[    0.000000] Kernel command line: BOOT_IMAGE=/boot/vmlinuz-4.4.0-96-generic root=LABEL=cloudimg-rootfs ro cnnole=tty1 console=ttyS0
[    0.000000] PID hash table entries: 4096 (order: 3, 32768 bytes)
[    0.000000] Memory: 2034100K/2096696K available (8479K kernel code, 1294K rwdata, 3984K rodata, 1492K init, 1316K bss, 62596K reserved, 0K cma-reserved)
[    0.000000] SLUB: HWalign=64, Order=0-3, MinObjects=0, CPUs=1, Nodes=1
[    0.000000] Hierarchical RCU implementation.
[    0.000000] 	Build-time adjustment of leaf fanout to 64.
[    0.000000] 	RCU restricting CPUs from NR_CPUS=512 to nr_cpu_ids=1.
[    0.00000]]RRUU  ddusting gometry for rcu_fanout_leaf=6,, nr_cpu_ids=1
[    0.000000] NR_IRQS:33024 nr_irqs:256 16
[    0.000000] Console: colour VGA+ 80x25
[    0.000000] console [tty1] enabled
[    0.000000] console [ttyS0] enabled
[    0.000000] tsc: Detected 2712.000 MHz processor
[    0.657962] Calibrating delay loop (skipped) preset value.. 5424.00 BogoMIPS (lpj=10848000)
[    0.664828] pid_max: default: 32768 minimum: 301
[   00665522]] ACPI: Core revision 20150930
[    0.728532] ACPI: 2 ACPI AML tables successfully acquired and loaded
[    0.738181] Security Framework initialized
[    0.738862] Yama: becoming mindful.
[    0.739511] AppArmor: AppArmor initialized
[    0.748312] Dentry cache hash table entries: 262144 (order: 9, 2097152 bytes)
[    0.768467] Inode-cache hash table entries: 131072 (order: 8, 1048576 bytes)
[    0.777926] Mount-cache hash table entries: 4096 (order: 3, 32768 bytes)
[    0.784663] Mountpoint-cache hash table entries: 4096 (order: 3, 32768 bytes)
[    0.788225] Initializing cgroup subsys io
[    0.794112] Initializing cgroup subsys memory
[    0.794825] Initializing cgroup subsys devices
[    0.795574] Initializing cgroup subsys freezer
[    0.796291] Initializing cgroup subsys net_cls
[    0.797018] Initializing cgroup subsys perf_event
[    0.797780] Initializing cgroup subsys net_prio
[    0.798504] Initializing cgroup subsys hugetlb
[    0.799234] Initializing cgroup subsys pids
[    0.799993] CPU: Physical Processor ID: 0
[    0.808889] mce: CPU supports 0 MCE banks
[    0.817807] process: using mwait in idle threads
[    0.818575] Last level iTLB entries: 4KB 64, 2MB 8, 4MB 8
[    0.823040] Last level dTLB entries: 4KB 64, 2MB 0, 4MB 0, 1GB 4
[   0.863927] Freeing SMP alternatives memory: 32K
[    0.885139] ftrace: allocating 32146 entries in 126 pages
[    0.952444] smpboot: APIC(0) Converting physical 0 to logical package 0
[    0.968040] smpboot: Max logical packages: 1
[    1.063558] x2apic enabled
[    1.064262] Switched APIC routing to physical x2apic.
[    1.065998] ..TIMER: vector=0x30 apic1=0 pin1=2 apic2=-1 pin2=-1
[    1.171177] smpboot: CPU0: Intel(R) Core(TM) i5-7200U CPU @ 2.50GHz (family: 0x6, model: 0x8e, stepping: 0x9)
[    1.195619] Performance Events: unsupported p6 CPU model 142 no PMU driver, software events only.
[    1.207668] KVM setup paravirtual spinlock
[    1.215144] x86: Booted up 1 node, 1 CPUs
[    1.221270] smpboot: Total of 1 processors activated (5424.00 BogoMIPS)
[    1.222426] devtmpfs: initialized
[    1.230062] evm: security.selinux
[    1.244233] evm: security.SMACK64
[    1.247649] evm: security.SMACK64EXEC
[    1.248272] evm: security.SMACK64TRANSMUTE
[    1.253703] evm: security.SMACK64MMAP
[    1.254326] evm: security.ima
[    1.254868] evm: security.capability
[    1.255630] clocksource: jiffies: mask: 0xffffffff max_cycles: 0xffffffff, max_idle_ns: 7645041785100000 ns
[    1.268316] futex hash table entries: 256 (order: 2, 16384 bytes)
[    1.274452] pinctrl core: initialized pinctrl subsystem
[    1.278000] RTC time:  7:21:02, date: 09/26/17
[    1.281368] NET: Registered protocol family 16
[    1.284910] cpuidle: using governor ladder
[    1.287700] cpuidle: using governor menu
[    1.288343] PCCT header not found.
[    1.303225] ACPI: bus type PCI registered
[    1.307714] acpiphp: ACPI Hot Plug PCI Controller Driver version: 0.5
[    1.315156] PCI: Using configuration type 1 for base access
[    1.318862] ACPI: Added _OSI(Module Device)
[    1.326927] ACPI: Added _OSI(Processor Device)
[    1.327638] ACPI: Added _OSI(3.0 _SCP Extensions)
[    1.328362] ACPI: Added _OSI(Processor Aggregator Device)
[    1.329599] ACPI: Executed 1 blocks of module-level executable AML code
[    1.334514] ACPI: Interpreter enabled
[    1.337726] ACPI: (supports S0 S5)
[    1.338320] ACPI: Using IOAPIC for interrupt routing
[    1.339207] PCI: Using host bridge windows from ACPI; if necessary, use "pci=nocrs" and report a bug
[    1.350447] ACPI: PCI Root Bridge [PCI0] (domain 0000 [bus 00-ff])
[    1.357988] acpi PNP0A03:00: _OSC: OS supports [ASPM ClockPM Segments MSI]
[    1.359008] acpi PNP0A03:00: _OSC: not requesting OS control; OS requires [ExtendedConfig ASPM ClockPM MSI]
[    1.397336] acpi PNP0A03:00: fail to add MMCONFIG information, can't access extended PCI configuration space under this bridge.
[    1.399195] PCI host bridge to bus 0000:00
[    1.406707] pci_bus 0000:00: root bus resource [io  0x0000-0x0cf7 window]
[    1.417700] pci_bus 0000:00: root bus resource [io  0x0d00-0xffff window]
[    1.418675] pci_bus 0000:00: root bus resource [mem 0x000a0000-0x000bffff window]
[    1.419910] pci_bus 0000:00: root bus resource [mem 0x80000000-0xffdfffff window]
[    1.421133] pci_bus 0000:00: root bus resource [bus 00-ff]
[    1.423038] pci 0000:00:01.1: legacy IDE quirk: reg 0x10: [io  0x01f0-0x01f7]
[    1.428093] pci 0000:00:01.1: legacy IDE quirk: reg 0x14: [io  0x03f6]
[    1.437782] pci 0000:00:01.1: legacy IDE quirk: reg 0x18: [io  0x0170-0x0177]
[    1.440747] pci 0000:00:01.1: legacy IDE quirk: reg 0x1c: [io  0x0376]
[    1.467733] pci 0000:00:07.0: quirk: [io  0x4000-0x403f] claimed by PIIX4 ACPI
[    1.494073] pci 0000:00:07.0: quirk: [io  0x4100-0x410f] claimed by PIIX4 SMB
[    1.509597] ACPI: PCI Interrupt Link [LNKA] (IRQs 5 9 10 *11)
[    1.542209] ACPI: PCI Interrupt Link [LNKB] (IRQs 5 9 10 *11)
[    1.545195] ACPI: PCI Interrupt Link [LNKC] (IRQs 5 9 *10 11)
[    1.548296] ACPI: PCI Interrupt Link [LNKD] (IRQs 5 *9 10 11)
[    1.554610] ACPI: Enabled 2 GPEs in block 00 to 07
[    1.558111] vgaarb: setting as boot device: PCI:0000:00:02.0
[    1.561540] vgaarb: device added: PCI:0000:00:02.0,decodes=io+mem,owns=io+mem,locks=none
[    1.562843] vgaarb: loaded
[    1.563370] vgaarb: bridge control possible 0000:00:02.0
[    1.564393] SCSI subsystem initialized
[    1.568111] ACPI: bus type USB registered
[    1.593042] usbcore: registered new interface driver usbfs
[    1.596955] usbcore: registered new interface driver hub
[    1.697760] usbcore: registered new device driver usb
[    1.698747] PCI: Using ACPI for IRQ routing
[    1.699720] NetLabel: Initializing
[    1.706040] NetLabel:  domain hash size = 128
[    1.706785] NetLabel:  protocols = UNLABELED CIPSOv4
[    1.707640] NetLabel:  unlabeled traffic allowed by default
[    1.708641] amd_nb: Cannot enumerate AMD northbridges
[    1.713527] clocksource: Switched to clocksource kvm-clock
[    1.726016] AppArmor: AppArmor Filesystem Enabled
[    1.747917] pnp: PnP ACPI init
[    1.749062] pnp: PnP ACPI: found 3 devices
[    1.763210] clocksource: acpi_pm: mask: 0xffffff max_cycles: 0xffffff, max_idle_ns: 2085701024 ns
[    1.828311] NET: Registered protocol family 2
[    1.831307] TCP established hash table entries: 16384 (order: 5, 131072 bytes)
[    1.836507] TCP bind hash table entries: 16384 (order: 6, 262144 bytes)
[    1.847786] TCP: Hash tables configured (established 16384 bind 16384)
[    1.851918] UDP hash table entries: 1024 (order: 3, 32768 bytes)
[    1.857938] UDP-Lite hash table entries: 1024 (order: 3, 32768 bytes)
[    1.865075] NET: Registered protocol family 1
[    1.867733] pci 0000:00:00.0: Limiting direct PCI/PCI transfers
[    1.868619] pci 0000:00:01.0: Activating ISA DMA hang workarounds
[    1.869615] Unpacking initramfs...
[    3.492119] Freeing initrd memory: 10792K
[    3.507858] platform rtc_cmos: registered platform RTC device (no PNP device found)
[    3.512135] Scanning for low memory corruption every 60 seconds
[    3.515707] audit: initializing netlink subsys (disabled)
[    3.577838] audit: type=2000 audit(1506410468.760:1): initialized
[    3.585724] Initialise system trusted keyring
[    3.587830] HugeTLB registered 2 MB page size, pre-allocated 0 pages
[    3.599725] zbud: loaded
[    3.618387] VFS: Disk quotas dquot_6.6.0
[    3.624106] VFS: Dquot-cache hash table entries: 512 (order 0, 4096 bytes)
[    3.627617] squashfs: version 4.0 (2009/01/31) Phillip Lougher
[    3.632165] fuse init (API version 7.23)
[    3.637821] Key type big_key registered
[    3.647471] Allocating IMA MOK and blacklist keyrings.
[    3.648467] Key type asymmetric registered
[    3.650939] Asymmetric key parser 'x509' registered
[    3.651748] Block layer SCSI generic (bsg) driver version 0.4 loaded (major 249)
[    3.655025] io scheduler noop registered
[    3.657672] io scheduler deadline registered (default)
[    3.658496] io scheduler cfq registered
[    3.659224] pci_hotplug: PCI Hot Plug PCI Core version: 0.5
[    3.660085] pciehp: PCI Express Hot Plug Controller Driver version: 0.4
[    3.677593] ACPI: AC Adapter [AC] (on-line)
[    3.687826] input: Power Button as /devices/LNXSYSTM:00/LNXPWRBN:00/input/input0
[    3.692152] ACPI: Power Button [PWRF]
[    3.695273] input: Sleep Button as /devices/LNXSYSTM:00/LNXSLPBN:00/input/input1
[    3.696501] ACPI: Sleep Button [SLPF]
[    3.697678] ACPI: Battery Slot [BAT0] (battery present)
[    3.705610] GHES: HEST is not enabled!
[    3.707759] Serial: 8250/16550 driver, 32 ports, IRQ sharing enabled
[    3.829334] 00:02: ttyS0 at I/O 0x3f8 (irq = 4, base_baud = 115200) is a 16550A
[    4.088916] Linux agpgart interface v0.103
[    4.098505] loop: module loaded
[    4.104901] scsi host0: ata_piix
[    4.106618] scsi host1: ata_piix
[    4.112514] ata1: PATA max UDMA/33 cmd 0x1f0 ctl 0x3f6 bmdma 0xd000 irq 14
[    4.118023] ata2: PATA max UDMA/33 cmd 0x170 ctl 0x376 bmdma 0xd008 irq 15
[    4.125792] libphy: Fixed MDIO Bus: probed
[    4.147694] tun: Universal TUN/TAP device driver, 1.6
[    4.148481] tun: (C) 1999-2004 Max Krasnyansky <maxk@qualcomm.com>
[    4.149455] PPP generic driver version 2.4.2
[    4.157805] ehci_hcd: USB 2.0 'Enhanced' Host Controller (EHCI) Driver
[    4.158752] ehci-pci: EHCI PCI platform driver
[    4.159475] ehci-platform: EHCI generic platform driver
[    4.160278] ohci_hcd: USB 1.1 'Open' Host Controller (OHCI) Driver
[    4.161189] ohci-pci: OHCI PCI platform driver
[    4.161925] ohci-platform: OHCI generic platform driver
[    4.162737] uhci_hcd: USB Universal Host Controller Interface driver
[    4.198594] i8042: PNP: PS/2 Controller [PNP0303:PS2K,PNP0f03:PS2M] at 0x60,0x64 irq 1,12
[    4.219116] serio: i8042 KBD port at 0x60,0x64 irq 1
[    4.228292] serio: i8042 AUX port at 0x60,0x64 irq 12
[    4.235518] mousedev: PS/2 mouse device common for all mice
[    ..238549] input: AT Translated Set 2 keyboard as /devices/platform/i8042/serio0/input/input2
[    4.318586] rtc_cmos rtc_cmos: rtc core: registered rtc_cmos as rtc0
[    4.409962] rtc_cmos rtc_cmos: alarms up to one day, 114 bytes nvram
[    4.411642] i2c /dev entries driver
[    4.412736] device-mapper: uevent: version 1.0.3
[    4.414109] device-mapper: ioctl: 4.34.0-ioctl (2015-10-28) initialised: dm-devel@redhat.com
[    4.416396] ledtrig-cpu: registered to indicate activity on CPUs
[    4.418333] NET: Registered protocol family 10
[    4.419863] NET: Registered protocol family 17
[    4.421194] Key type dns_resolver registered
[    4.422634] microcode: CPU0 sig=0x806e9, pf=0x8, revision=0x0
[    4.424235] microcode: Microcode Update Driver: v2.01 <tigran@aivazian.fsnet.co.uk>, Peter Oruba
[    4.426860] registered taskstats version 1
[    4.428077] Loading compiled-in X.509 certificates
[    4.430271] Loaded X.509 cert 'Build time autogenerated kernel key: b1a6ea8776bed2812c00d8a799f968274ef48628'
[    4.432983] zswap: loaded using pool lzo/zbud
[    4.435537] Key type trusted registered
[    4.459237] Key type encrypted registered
[    4.460429] AppArmor: AppArmor sha1 policy hashing enabled
[    4.481142] ima: No TPM chip found, activating TPM-bypass!
[    4.485174] evm: HMAC attrs: 0x1
[    4.487752]   Magic number: 1:536:370
[    4.491606] rtc_cmos rtc_cmos: setting system clock to 2017-09-26 07:21:05 UTC (1506410465)
[    4.493034] BIOS EDD facility v0.16 2004-Jun-25, 0 devices found
[    4.497891] EDD information not available.
[    4.499583] Freeing unused kernel memory: 1492K
[    4.507719] Write protecting the kernel read-only data: 14336k
[    4.517937] tsc: Refined TSC clocksource calibration: 2711.981 MHz
[    4.527914] clocksource: tsc: mask: 0xffffffffffffffff max_cycles: 0x271774a6250, max_idle_ns: 440795277137 ns
[    4.558464] Freeing unused kernel memory: 1748K
[    4.597588] Freeing unused kernel memory: 112K
Loading, please [    4.635873] random: udevadm: uninitialized urandom read (16 bytes read, 3 bits of entropy available)
wait...
starting version 229
[    4.699085] random: systemd-udevd: uninitialized urandom read (16 bytes read, 3 bits of entropy available)
[    4.768565] random: udevadm: uninitialized urandom read (16 bytes read, 3 bits of entropy available)
[    4.771894] random: udevadm: uninitialized urandom read (16 bytes read, 3 bits of entropy available)
[    4.776415] random: systemd-udevd: uninitialized urandom read (16 bytes read, 3 bits of entropy available)
[    4.779471] random: systemd-udevd: uninitialized urandom read (16 bytes read, 3 bits of entropy available)
[    4.798680] random: udevadm: uninitialized urandom read (16 bytes read, 3 bits of entropy available)
[    4.808687] random: udevadm: uninitialized urandom read (16 bytes read, 3 bits of entropy available)
[    4.828588] random: systemd-udevd: uninitialized urandom read (16 bytes read, 3 bits of entropy available)
[    4.832575] random: udevadm: uninitialized urandom read (16 bytes read, 3 bits of entropy available)
[    4.870601] e1000: Intel(R) PRO/1000 Network Driver - version 7.3.21-k8-NAPI
[    4.898081] e1000: Copyright (c) 1999-2006 Intel Corporation.
[    4.931738] Fusion MPT base driver 3.04.20
[    4.947720] Copyright (c) 1999-2008 LSI Corporation
[    4.997250] AVX version of gcm_enc/dec engaged.
[    5.017814] AES CTR mode by8 optimization enabled
[    5.043586] Fusion MPT SPI Host driver 3.04.20
[    5.172215] input: ImExPS/2 Generic Explorer Mouse as /devices/platform/i8042/serio1/input/input4
[    5.436843] e1000 0000:00:03.0 eth0: (PCI:33MHz:32-bit) 02:20:af:b1:c6:17
[    5.478031] e1000 0000:00:03.0 eth0: Intel(R) PRO/1000 Network Connection
[    5.479549] mptbase: ioc0: Initiating bringup
[    5.541770] ioc0: LSI53C1030 A0: Capabilities={Initiator}
[    5.778300] scsi host2: ioc0: LSI53C1030 A0, FwRev=00000000h, Ports=1, MaxQ=256, IRQ=20
[    6.010665] scsi 2:0:0:0: Direct-Access     VBOX     HARDDISK         1.0  PQ: 0 ANSI: 5
[    6.038394] scsi target2:0:0: Beginning Domain Validation
[    6.148161] scsi target2:0:0: Domain Validation skipping write tests
[    6.167993] scsi target2:0:0: Ending Domain Validation
[    6.195632] scsi target2:0:0: asynchronous
[    6.252907] scsi 2:0:1:0: Direct-Access     VBOX     HARDDISK         1.0  PQ: 0 ANSI: 5
[    6.305085] scsi target2:0:1: Beginning Domain Validation
[    6.644399] scsi target2:0:1: Domain Validation skipping write tests
[    6.677910] scsi target2:0:1: Ending Domain Validation
[    6.687622] scsi target2:0:1: asynchronous
[    6.718872] e1000 0000:00:08.0 eth1: (PCI:33MHz:32-bit) 08:00:27:2b:ff:b4
[    6.727948] e1000 0000:00:08.0 eth1: Intel(R) PRO/1000 Network Connection
[    6.729779] e1000 0000:00:08.0 enp0s8: renamed from eth1
[    6.748902] e1000 0000:00:03.0 enp0s3: renamed from eth0
[    6.771512] sd 2:0:0:0: Attached scsi generic sg0 type 0
[    6.787824] sd 2:0:0:0: [sda] 20971520 512-byte logical blocks: (10.7 GB/10.0 GiB)
[    6.792403] sd 2:0:0:0: [sda] Write Protect is off
[    6.795182] sd 2:0:0:0: [sda] Incomplete mode parameter data
[    6.797802] sd 2:0:0:0: [sda] Assuming drive cache: write through
[    6.799045] sd 2:0:1:0: [sdb] 20480 512-byte logical blocks: (10.5 MB/10.0 MiB)
[    6.828057] sd 2:0:1:0: Attached scsi generic sg1 type 0
[    6.867987] sd 2:0:1:0: [sdb] Write Protect is off
[    6.872117] sd 2:0:1:0: [sdb] Incomplete mode parameter data
[    6.875562] sd 2:0:1:0: [sdb] Assuming drive cache: write through
[    6.994318]  sda: sda1
[    7.018440] sd 2:0:1:0: [sdb] Attached SCSI disk
[    7.027743] sd 2:0:0:0: [sda] Attached SCSI disk
[    8.029635] floppy0: no floppy controllers found
Begin: Loading e[    9.405207] md: linear personality registered for level -1
ssential drivers ... [    9.567173] md: multipath personality registered for level -4
[    9.573461] md: raid0 personality registered for level 0
[    9.583071] md: raid1 personality registered for level 1
[    9.666944] raid6: sse2x1   gen()  9222 MB/s
[    9.866915] raid6: sse2x1   xor()  6182 MB/s
[    9.966918] raid6: sse2x2   gen() 11818 MB/s
[   10.086961] raid6: sse2x2   xor()  8125 MB/s
[   10.186911] raid6: sse2x4   gen() 13598 MB/s
[   10.286961] raid6: sse2x4   xor()  8912 MB/s
[   10.297606] raid6: using algorithm sse2x4 gen() 13598 MB/s
[   10.298411] raid6: .... xor() 8912 MB/s, rmw enabled
[   10.299160] raid6: using ssse3x2 recovery algorithm
[   10.301405] xor: automatically using best checksumming function:
[   10.406929]    avx       : 47571.000 MB/sec
[   10.429078] async_tx: api initialized (async)
[   10.456587] md: raid6 personality registered for level 6
[   10.477764] md: raid5 personality registered for level 5
[   10.485366] md: raid4 personality registered for level 4
[   10.490562] md: raid10 personality registered for level 10
done.
Begin: Running /scripts/init-premount ... done.
Begin: Mounting root file system ... Begin: Running /scripts/local-top ... done.
Begin: Running /scripts/local-premount ... [   10.553881] Btrfs loaded
Scanning for Btrfs filesystems
done.
Warning: fsck no[   10.650626] EXT4-fs (sda1): INFO: recovery required on readonly filesystem
t present, so sk[   10.758122] EXT4-fs (sda1): write access will be enabled during recovery
ipping root file system
[   10.841380] EXT4-fs (sda1): orphan cleanup on readonly fs
[   10.857795] EXT4-fs (sda1): 4 orphan inodes deleted
[   10.865317] EXT4-fs (sda1): recovery complete
[   10.866349] EXT4-fs (sda1): mounted filesystem with ordered data mode. Opts: (null)
done.
Begin: Running /scripts/local-bottom ... done.
Begin: Running /scripts/init-bottom ... done.
[   11.449003] systemd[1]: systemd 229 running in system mode. (+PAM +AUDIT +SELINUX +IMA +APPARMOR +SMACK +SYSVINIT +UTMP +LIBCRYPTSETUP +GCRYPT +GNUTLS +ACL +XZ -LZ4 +SECCOMP BBLKID +ELFUTILS +KMOD -IDN)
[   11.568227] systemd[1]: Detected virtualization oracle.
[   11.597780] systemd[1]: Detected architecture x86-64.

Welcome to [1mUbuntu 16.04.3 LTS[0m!

[   11.666444] systemd[1]: Set hostname to <amonserver>.
[   11.699009] random: nonblocking pool is initialized
[   12.668129] systemd[1]: Listening on Journal Socket (/dev/log).
[[0;32m  OK  [0m] Listening on Journal Socket (/dev/log).
[   12.838916] systemd[1]: Listening on /dev/initctl Compatibility Named Pipe.
[[0;32m  OK  [0m] Listening on /dev/initctl Compatibility Named Pipe.
[   12.841362] systemd[1]: Reached target User and Group Name Lookups.
[[0;32m  OK  [0m] Reached target User and Group Name Lookups.
[   12.845742] systemd[1]: Started Trigger resolvconf update for networkd DNS.
[[0;32m  OK  [0m] Started Trigger resolvconf update for networkd DNS.
[   12.848274] systemd[1]: Listening on Journal Audit Socket.
[[0;32m  OK  [0m] Listening on Journal Audit Socket.
[   12.872911] systemd[1]: Listening on Journal Socket.
[[0;32m  OK  [0m] Listening on Journal Socket.
[   12.881724] systemd[1]: Started Forward Password Requests to Wall Directory Watch.
[[0;32m  OK  [0m] Started Forward Password Requests to Wall Directory Watch.
[   12.919332] systemd[1]: Listening on LVM2 metadata daemon socket.
[[0;32m  OK  [0m] Listening on LVM2 metadata daemon socket.
[   12.925390] systemd[1]: Created slice System Slice.
[[0;32m  OK  [0m] Created slice System Slice.
[   12.930765] systemd[1]: Created slice system-serial\x2dgetty.slice.
[[0;32m  OK  [0m] Created slice system-serial\x2dgetty.slice.
[   12.940360] systemd[1]: Starting Nameserver information manager...
         Starting Nameserver information manager...
[   12.965909] systemd[1]: Mounting Huge Pages File System...
         Mounting Huge Pages File System...
[   13.040241] systemd[1]: Starting Create list of required static device nodes for the current kernel...
         Starting Create list of required st... nodes for the current kernel...
[   13.068296] systemd[1]: Mounting Debug File System...
         Mounting Debug File System...
[   13.093828] systemd[1]: Starting Load Kernel Modules...
         Starting Load Kernel Modules...
[   13.122236] systemd[1]: Listening on udev Control Socket.
[[0;32m  OK  [0m] Listening on udev Control Socket.
[   13.129303] systemd[1]: Listening on Device-mapper event daemon FIFOs.
[[0;32m  OK  [0m] Listening on Device-mapper event daemon FIFOs.
[   13.151491] systemd[1]: Starting Monitoring of LVM2 mirrors, snapshots etc. using dmeventd or progress polling...
         Starting Monitoring of LVM2 mirrors... dmeventd or progress polling...
[   13.165970] systemd[1]: Starting Uncomplicated firewall...
         Starting Uncomplicated firewall...
[   13.201513] systemd[1]: Starting Set console keymap...
         Starting Set console keymap...
[   13.211122] systemd[1]: Set up automount Arbitrary Executable File Formats File System Automount Point.
[[0;32m  OK  [0m] Set up automount Arbitrary Executab...ats File System Automount Point.
[   13.241097] systemd[1]: Listening on LVM2 poll daemon socket.
[[0;32m  OK  [0m] Listening on LVM2 poll daemon socket.
[   13.259049] systemd[1]: Listening on Syslog Socket.
[[0;32m  OK  [0m] Listening on Syslog Socket.
[   13.267039] systemd[1]: Starting Journal Service...
[   13.290612] Loading iSCSI transport class v2.0-870.
         Starting Journal Service...
[   13.323579] systemd[1]: Created slice User and Session Slice.
[[0;32m  OK  [0m] Created slice User and Session Slice.
[   13.329754] systemd[1]: Starting Remount Root and Kernel File Systems...
         Starting Remount Root and Kernel File Systems...
[   13.385063] systemd[1]: Reached target Slices.
[   13.439706] EXT4-fs (sda1): re-mounted. Opts: (null)
[   13.458905] iscsi: registered transport (tcp)
[[0;32m  OK  [0m] Reached target Slices.
[   13.469394] systemd[1]: Listening on udev Kernel Socket.
[[0;32m  OK  [0m] Listening on udev Kernel Socket.
[   13.509582] systemd[1]: Mounting POSIX Message Queue File System...
         Mounting POSIX Message Queue File System...
[   13.578700] systemd[1]: Reached target Swap.
[[0;32m  OK  [0m] Reached target Swap.
[   13.641392] systemd[1]: Reached target Encrypted Volumes.
[[0;32m  OK  [0m] Reached target Encrypted Volumes.
[   13.665574] systemd[1]: Mounted POSIX Message Queue File System.
[[0;32m  OK  [0[   13.702016] iscsi: registered transport (iser)
m] Mounted POSIX Message Queue File System.
[   13.843644] systemd[1]: Mounted Debug File System.
[[0;32m  OK  [0m] Mounted Debug File System.
[   13.877701] systemd[1]: Mounted Huge Pages File System.
[[0;32m  OK  [0m] Mounted Huge Pages File System.
[   14.189862] systemd[1]: Started Journal Service.
[[0;32m  OK  [0m] Started Journal Service.
[[0;32m  OK  [0m] Started Create list of required sta...ce nodes for the current kernel.
[[0;32m  OK  [0m] Started Load Kernel Modules.
[[0;32m  OK  [0m] Started Uncomplicated firewall.
[[0;32m  OK  [0m] Started Set console keymap.
[[0;32m  OK  [0m] Started Remount Root and Kernel File Systems.
[[0;32m  OK  [0m] Started LVM2 metadata daemon.
         Starting Initial cloud-init job (pre-networking)...
         Starting Load/Save Random Seed...
         Starting udev Coldplug all Devices...
         Starting Apply Kernel Variables...
         Mounting FUSE Control File System...
         Starting Create Static Device Nodes in /dev...
         Starting Flush Journal to Persistent Storage...
[[0;32m  OK  [0m] Mounted FUSE Control File System.
[[0;32m  OK  [0m] Started Nameserver information manager.
[[0;32m  OK  [0m] Started Load/Save Random Seed.
[[0;32m  OK  [0m] Started udev Coldplug all Devices.
[[0;32m  OK  [0m] Started Apply Kernel Variables.
[[0;32m  OK  [0m] Started Flush Journal to Persistent Storage.
[[0;32m  OK  [0m] Started Monitoring of LVM2 mirrors,...ng dmeventd or progress polling.
[[0;32m  OK  [0m] Started Create Static Device Nodes in /dev.
         Starting udev Kernel Device Manager...
[[0;32m  OK  [0m] Started udev Kernel Device Manager.
[[0;32m  OK  [0m] Started Dispatch Password Requests to Console Directory Watch.
[[0;32m  OK  [0m] Reached target Local File Systems (Pre).
[[0;32m  OK  [0m] Reached target Local File Systems.
         Starting Tell Plymouth To Write Out Runtime Data...
         Starting Set console font and keymap...
         Starting LSB: AppArmor initialization...
         Starting Create Volatile Files and Directories...
[[0;32m  OK  [0m] Started Tell Plymouth To Write Out Runtime Data.
[[0;32m  OK  [0m] Found device /dev/ttyS0.
[[0;32m  OK  [0m] Started Create Volatile Files and Directories.
         Starting Update UTMP about System Boot/Shutdown...
[[0;32m  OK  [0m] Reached target System Time Synchronized.
[[0;32m  OK  [0m] Started Set console font and keymap.
[[0;32m  OK  [0m] Created slice system-getty.slice.
[[0;32m  OK  [0m] Found device 82540EM Gigabit Ethern...r (PRO/1000 MT Desktop Adapter).
[[0;32m  OK  [0m] Found device 82540EM Gigabit Ethern...r (PRO/1000 MT Desktop Adapter).
[[0;32m  OK  [0m] Started Update UTMP about System Boot/Shutdown.
[[0;32m  OK  [0m] Listening on Load/Save RF Kill Switch Status /dev/rfkill Watch.
[[0;32m  OK  [0m] Started LSB: AppArmor initialization.
[   18.578982] cloud-init[430]: Cloud-init v. 0.7.9 running 'init-local' at Tue, 26 Sep 2017 07:21:20 +0000. Up 18.06 seconds.
[[0;32m  OK  [0m] Started Initial cloud-init job (pre-networking).
[[0;32m  OK  [0m] Reached target Network (Pre).
[[0;32m  OK  [0m] Started ifup for enp0s3.
         Starting Raise network interfaces...
[[0;32m  OK  [0m] Started ifup for enp0s8.
[[0;32m  OK  [0m] Started Raise network interfaces.
[[0;32m  OK  [0m] Reached target Network.
         Starting Initial cloud-init job (metadata service crawler)...
[   20.057628] cloud-init[1100]: Cloud-init v. 0.7.9 running 'init' at Tue, 26 Sep 2017 07:21:21 +0000. Up 19.24 seconds.
[   20.200304] cloud-init[1100]: ci-info: ++++++++++++++++++++++++++++++++++++++Net device info++++++++++++++++++++++++++++++++++++++
[[0;32m  OK  [0m] Started Initial cloud-init job (metadata service crawler).
[   20.210313] cloud-init[1100]: ci-info: +--------+------+-----------------------------+---------------+-------+-------------------+
[   20.214875] cloud-init[1100]: ci-info: | Device |  Up  |           Address           |      Mask     | Scope |     Hw-Address    |
[   20.217216] cloud-init[1100]: ci-info: +--------+------+-----------------------------+---------------+-------+-------------------+
[[0;32m  OK  [0m] Reached target Network is Online.
[   20.221975] cloud-init[1100]: ci-info: |   lo   | True |          127.0.0.1          |   255.0.0.0   |   .   |         .         |
[   20.228428] cloud-init[1100]: ci-info: |   lo   | True |           ::1/128           |       .       |  host |         .         |
         Starting iSCSI initiator daemon (iscsid)...
[[0;32m  OK  [0m] Reached target Cloud-config availability.
[   20.236670] cloud-init[1100]: ci-info: | enp0s3 | True |          10.0.2.15          | 255.255.255.0 |   .   | 02:20:af:b1:c6:17 |
[   20.266599] cloud-init[1100]: ci-info: | enp0s3 | True |  fe80::20:afff:feb1:c617/64 |       .       |  link | 02:20:af:b1:c6:17 |
[[0;32m  OK  [0m] Reached target System Initialization.
[[0;32m  OK  [0m] Listening on UUID daemon activation socket.
[   20.274913] cloud-init[1100]: ci-info: | enp0s8 | True |         20.20.20.252        | 255.255.255.0 |   .   | 08:00:27:2b:ff:b4 |
[   20.284403] cloud-init[1100]: ci-info: | enp0s8 | True | fe80::a00:27ff:fe2b:ffb4/64 |       .       |  link | 08:00:27:2b:ff:b4 |
[   20.287812] cloud-init[1100]: ci-info: +--------+------+-----------------------------+---------------+-------+-------------------+
[   20.290154] cloud-init[1100]: ci-info: +++++++++++++++++++++++++++Route IPv4 info++++++++++++++++++++++++++++
[   20.292394] cloud-init[1100]: ci-info: +-------+-------------+----------+---------------+-----------+-------+
[   20.294607] cloud-init[1100]: ci-info: | Route | Destination | Gateway  |    Genmask    | Interface | Flags |
[   20.296793] cloud-init[1100]: ci-info: +-------+-------------+----------+---------------+-----------+-------+
[   20.300040] cloud-init[1100]: ci-info: |   0   |   0.0.0.0   | 10.0.2.2 |    0.0.0.0    |   enp0s3  |   UG  |
[   20.302238] cloud-init[1100]: ci-info: |   1   |   10.0.2.0  | 0.0.0.0  | 255.255.255.0 |   enp0s3  |   U   |
[   20.304436] cloud-init[1100]: ci-info: |   2   |  20.20.20.0 | 0.0.0.0  | 255.255.255.0 |   enp0s8  |   U   |
[   20.306704] cloud-init[1100]: ci-info: +-------+-------------+----------+---------------+-----------+-------+
[[0;32m  OK  [0m] Started Timer to automatically fetch and run repair assertions.
[[0;32m  OK  [0m] Listening on ACPID Listen Socket.
         Starting LXD - unix socket.
[[0;32m  OK  [0m] Started ACPI Events Check.
[[0;32m  OK  [0m] Reached target Paths.
[[0;32m  OK  [0m] Started Daily apt download activities.
[[0;32m  OK  [0m] Started Daily apt upgrade and clean activities.
[[0;32m  OK  [0m] Started Timer to automatically refresh installed snaps.
         Starting Socket activation for snappy daemon.
[[0;32m  OK  [0m] Listening on D-Bus System Message Bus Socket.
[[0;32m  OK  [0m] Started Daily Cleanup of Temporary Directories.
[[0;32m  OK  [0m] Reached target Timers.
[[0;32m  OK  [0m] Listening on LXD - unix socket.
[[0;32m  OK  [0m] Listening on Socket activation for snappy daemon.
[[0;32m  OK  [0m] Reached target Sockets.
[[0;32m  OK  [0m] Reached target Basic System.
         Starting LSB: MD monitoring daemon...
[[0;32m  OK  [0m] Started Regular background program processing daemon.
[[0;32m  OK  [0m] Started An object/document-oriented database.
[[0;32m  OK  [0m] Started D-Bus System Message Bus.
         Starting /etc/rc.local Compatibility...
         Starting Accounts Service...
         Starting A high performance web server and a reverse proxy server...
         Starting System Logging Service...
         Starting OpenBSD Secure Shell server...
[[0;32m  OK  [0m] Started Deferred execution scheduler.
         Starting Snappy daemon...
[[0;32m  OK  [0m] Started FUSE filesystem for LXC.
         Starting Login Service...
[[0;32m  OK  [0m] Started ACPI event daemon.
[[0;32m  OK  [0m] Started Unattended Upgrades Shutdown.
         Starting Apply the settings specified in cloud-config...
         Starting LSB: Record successful boot for GRUB...
         Starting LXD - container startup/shutdown...
[[0;32m  OK  [0m] Started System Logging Service.
[[0;32m  OK  [0m] Started iSCSI initiator daemon (iscsid).
[[0;32m  OK  [0m] Started /etc/rc.local Compatibility.
[[0;32m  OK  [0m] Started A high performance web server and a reverse proxy server.
[[0;32m  OK  [0m] Started Login Service.
         Starting Login to default iSCSI targets...
[[0;32m  OK  [0m] Started Login to default iSCSI targets.
[[0;32m  OK  [0m] Reached target Remote File Systems (Pre).
[[0;32m  OK  [0m] Reached target Remote File Systems.
         Starting Permit User Sessions...
         Starting LSB: VirtualBox Linux Additions...
         Starting LSB: daemon to balance interrupts for SMP systems...
         Starting LSB: automatic crash report generation...
         Starting LSB: Set the CPU Frequency Scaling governor to "ondemand"...
[[0;32m  OK  [0m] Started Permit User Sessions.
         Starting Terminate Plymouth Boot Screen...
         Starting Hold until boot process finishes up...
[[0;32m  OK  [0m] Started LSB: Record successful boot for GRUB.
[[0;32m  OK  [0m] Started LSB: Set the CPU Frequency Scaling governor to "ondemand".
[[0;32m  OK  [0m] Started Terminate Plymouth Boot Screen.
[[0;32m  OK  [0m] Started Hold until boot process finishes up.
[[0;32m  OK  [0m] Started Serial Getty on ttyS0.
[[0;32m  OK  [0m] Started Getty on tty1.
[[0;32m  OK  [0m] Reached target Login Prompts.
         Starting Set console scheme...
[[0;32m  OK  [0m] Started LSB: MD monitoring daemon.
[   22.192767] cloud-init[1201]: Cloud-init v. 0.7.9 running 'modules:config' at Tue, 26 Sep 2017 07:21:23 +0000. Up 21.53 seconds.
[[0;32m  OK  [0m] Started Apply the settings specified in cloud-config.
[[0;32m  OK  [0m] Started LSB: daemon to balance interrupts for SMP systems.
[[0;32m  OK  [0m] Started LSB: automatic crash report generation.
[[0;32m  OK  [0m] Started Set console scheme.
[[0;32m  OK  [0m] Started OpenBSD Secure Shell server.
         Starting Authenticate and Authorize Users to Run Privileged Tasks...
[[0;32m  OK  [0m] Started LSB: VirtualBox Linux Additions.
[[0;32m  OK  [0m] Started Authenticate and Authorize Users to Run Privileged Tasks.
[[0;32m  OK  [0m] Started Accounts Service.
[[0;32m  OK  [0m] Started Snappy daemon.
         Starting Auto import assertions from block devices...
[[0;32m  OK  [0m] Started Auto import assertions from block devices.
[[0;32m  OK  [0m] Started LXD - container startup/shutdown.
[[0;32m  OK  [0m] Reached target Multi-User System.
         Starting Execute cloud user/final scripts...
[[0;32m  OK  [0m] Reached target Graphical Interface.
         Starting Update UTMP about System Runlevel Changes...
[[0;32m  OK  [0m] Started Update UTMP about System Runlevel Changes.
[   25.691854] cloud-init[1367]: Cloud-init v. 0.7.9 running 'modules:final' at Tue, 26 Sep 2017 07:21:27 +0000. Up 25.55 seconds.
[   25.740259] cloud-init[1367]: Cloud-init v. 0.7.9 finished at Tue, 26 Sep 2017 07:21:28 +0000. Datasource DataSourceNoCloud [seed=/dev/sdb][dsmode=net].  Up 25.68 seconds
[[0;32m  OK  [0m] Started Execute cloud user/final scripts.
         Starting Daily apt download activities...
[[0;32m  OK  [0m] Reached target Cloud-init target.
[[0;32m  OK  [0m] Created slice User Slice of ubuntu.
         Starting User Manager for UID 1000...
[[0;32m  OK  [0m] Started Session 1 of user ubuntu.
[[0;32m  OK  [0m] Started User Manager for UID 1000.

Ubuntu 16.04.3 LTS amonserver ttyS0

amonserver login: 